0 info it worked if it ends with ok
1 verbose cli [ 'C:\\Program Files\\nodejs\\node.exe',
1 verbose cli   'C:\\Program Files\\nodejs\\node_modules\\npm\\bin\\npm-cli.js',
1 verbose cli   'run',
1 verbose cli   'production' ]
2 info using npm@3.10.9
3 info using node@v6.9.2
4 verbose run-script [ 'preproduction', 'production', 'postproduction' ]
5 info lifecycle reactd3@1.0.0~preproduction: reactd3@1.0.0
6 silly lifecycle reactd3@1.0.0~preproduction: no script for preproduction, continuing
7 info lifecycle reactd3@1.0.0~production: reactd3@1.0.0
8 verbose lifecycle reactd3@1.0.0~production: unsafe-perm in lifecycle true
9 verbose lifecycle reactd3@1.0.0~production: PATH: C:\Program Files\nodejs\node_modules\npm\bin\node-gyp-bin;C:\Users\akoira\Desktop\Arogya Projects\sl_projects\reacttraining\reactd3\node_modules\.bin;C:\ProgramData\Oracle\Java\javapath;C:\Program Files (x86)\Intel\iCLS Client\;C:\Program Files\Intel\iCLS Client\;C:\Windows\system32;C:\Windows;C:\Windows\System32\Wbem;C:\Windows\System32\WindowsPowerShell\v1.0\;C:\Program Files\Intel\Intel(R) Management Engine Components\DAL;C:\Program Files (x86)\Intel\Intel(R) Management Engine Components\DAL;C:\Program Files\Intel\Intel(R) Management Engine Components\IPT;C:\Program Files (x86)\Intel\Intel(R) Management Engine Components\IPT;C:\Program Files\cURL\bin;C:\Program Files\Git\cmd;C:\Program Files\nodejs\;C:\Users\akoira\AppData\Roaming\npm
10 verbose lifecycle reactd3@1.0.0~production: CWD: C:\Users\akoira\Desktop\Arogya Projects\sl_projects\reacttraining\reactd3
11 silly lifecycle reactd3@1.0.0~production: Args: [ '/d /s /c', 'webpack -p' ]
12 silly lifecycle reactd3@1.0.0~production: Returned: code: 1  signal: null
13 info lifecycle reactd3@1.0.0~production: Failed to exec production script
14 verbose stack Error: reactd3@1.0.0 production: `webpack -p`
14 verbose stack Exit status 1
14 verbose stack     at EventEmitter.<anonymous> (C:\Program Files\nodejs\node_modules\npm\lib\utils\lifecycle.js:255:16)
14 verbose stack     at emitTwo (events.js:106:13)
14 verbose stack     at EventEmitter.emit (events.js:191:7)
14 verbose stack     at ChildProcess.<anonymous> (C:\Program Files\nodejs\node_modules\npm\lib\utils\spawn.js:40:14)
14 verbose stack     at emitTwo (events.js:106:13)
14 verbose stack     at ChildProcess.emit (events.js:191:7)
14 verbose stack     at maybeClose (internal/child_process.js:877:16)
14 verbose stack     at Process.ChildProcess._handle.onexit (internal/child_process.js:226:5)
15 verbose pkgid reactd3@1.0.0
16 verbose cwd C:\Users\akoira\Desktop\Arogya Projects\sl_projects\reacttraining\reactd3\app
17 error Windows_NT 6.3.9600
18 error argv "C:\\Program Files\\nodejs\\node.exe" "C:\\Program Files\\nodejs\\node_modules\\npm\\bin\\npm-cli.js" "run" "production"
19 error node v6.9.2
20 error npm  v3.10.9
21 error code ELIFECYCLE
22 error reactd3@1.0.0 production: `webpack -p`
22 error Exit status 1
23 error Failed at the reactd3@1.0.0 production script 'webpack -p'.
23 error Make sure you have the latest version of node.js and npm installed.
23 error If you do, this is most likely a problem with the reactd3 package,
23 error not with npm itself.
23 error Tell the author that this fails on your system:
23 error     webpack -p
23 error You can get information on how to open an issue for this project with:
23 error     npm bugs reactd3
23 error Or if that isn't available, you can get their info via:
23 error     npm owner ls reactd3
23 error There is likely additional logging output above.
24 verbose exit [ 1, true ]
